Build started 11/07/2012 17:07:50.
     1>Project "c:\Users\Aluno1\documents\visual studio 2010\Projects\engineProject\engineProject\engineProject.vcxproj" on node 2 (build target(s)).
     1>InitializeBuildStatus:
         Creating "Debug\engineProject.unsuccessfulbuild" because "AlwaysCreate" was specified.
       ClCompile:
         c:\Program Files (x86)\Microsoft Visual Studio 10.0\VC\bin\CL.exe /c /ZI /nologo /W3 /WX- /Od /Oy- /D WIN32 /D _DEBUG /D _CONSOLE /D _UNICODE /D UNICODE /Gm /EHsc /RTC1 /MDd /GS /fp:precise /Zc:wchar_t /Zc:forScope /Fo"Debug\\" /Fd"Debug\vc100.pdb" /Gd /TP /analyze- /errorReport:prompt main.cpp
         main.cpp
       ManifestResourceCompile:
         All outputs are up-to-date.
       Link:
         c:\Program Files (x86)\Microsoft Visual Studio 10.0\VC\bin\link.exe /ERRORREPORT:PROMPT /OUT:"c:\users\aluno1\documents\visual studio 2010\Projects\engineProject\Debug\engineProject.exe" /INCREMENTAL /NOLOGO /LIBPATH:C:\Users\Aluno1\Documents\aula1\GL glut32.lib opengl32.lib glu32.lib kernel32.lib user32.lib gdi32.lib winspool.lib comdlg32.lib advapi32.lib shell32.lib ole32.lib oleaut32.lib uuid.lib odbc32.lib odbccp32.lib /MANIFEST /ManifestFile:"Debug\engineProject.exe.intermediate.manifest" /MANIFESTUAC:"level='asInvoker' uiAccess='false'" /DEBUG /PDB:"c:\users\aluno1\documents\visual studio 2010\Projects\engineProject\Debug\engineProject.pdb" /SUBSYSTEM:CONSOLE /TLBID:1 /DYNAMICBASE /NXCOMPAT /IMPLIB:"c:\users\aluno1\documents\visual studio 2010\Projects\engineProject\Debug\engineProject.lib" /MACHINE:X86 Debug\engineProject.exe.embed.manifest.res
         Debug\main.obj
         Debug\sphere.obj
       Manifest:
         C:\Program Files (x86)\Microsoft SDKs\Windows\v7.0A\bin\mt.exe /nologo /verbose /out:"Debug\engineProject.exe.embed.manifest" /manifest Debug\engineProject.exe.intermediate.manifest
         All outputs are up-to-date.
       LinkEmbedManifest:
         All outputs are up-to-date.
         engineProject.vcxproj -> c:\users\aluno1\documents\visual studio 2010\Projects\engineProject\Debug\engineProject.exe
       FinalizeBuildStatus:
         Deleting file "Debug\engineProject.unsuccessfulbuild".
         Touching "Debug\engineProject.lastbuildstate".
     1>Done Building Project "c:\Users\Aluno1\documents\visual studio 2010\Projects\engineProject\engineProject\engineProject.vcxproj" (build target(s)).

Build succeeded.

Time Elapsed 00:00:01.05
